# JRE version: Java(TM) SE Runtime Environment 18.9 (11.0.12+8) (build 11.0.12+8-LTS-237)
# Java VM: Java HotSpot(TM) 64-Bit Server VM 18.9 (11.0.12+8-LTS-237, mixed mode, tiered, compressed oops, parallel gc, windows-amd64)
Heap:
 PSYoungGen      total 24576K, used 16717K [0x00000000eab00000, 0x00000000ec800000, 0x0000000100000000)
  eden space 22016K, 65% used [0x00000000eab00000,0x00000000eb8fb5f0,0x00000000ec080000)
  from space 2560K, 93% used [0x00000000ec580000,0x00000000ec7d8000,0x00000000ec800000)
  to   space 2560K, 0% used [0x00000000ec300000,0x00000000ec300000,0x00000000ec580000)
 ParOldGen       total 68608K, used 26935K [0x00000000c0000000, 0x00000000c4300000, 0x00000000eab00000)
  object space 68608K, 39% used [0x00000000c0000000,0x00000000c1a4de48,0x00000000c4300000)
 Metaspace       used 38161K, capacity 40535K, committed 40576K, reserved 1085440K
  class space    used 3862K, capacity 4708K, committed 4736K, reserved 1048576K
GC Heap History (10 events):
Event: 2.653 GC heap before
{Heap before GC invocations=10 (full 2):
 PSYoungGen      total 28160K, used 28128K [0x00000000eab00000, 0x00000000ecd00000, 0x0000000100000000)
  eden space 24576K, 100% used [0x00000000eab00000,0x00000000ec300000,0x00000000ec300000)
  from space 3584K, 99% used [0x00000000ec500000,0x00000000ec878010,0x00000000ec880000)
  to   space 4608K, 0% used [0x00000000ec880000,0x00000000ec880000,0x00000000ecd00000)
 ParOldGen       total 68608K, used 14753K [0x00000000c0000000, 0x00000000c4300000, 0x00000000eab00000)
  object space 68608K, 21% used [0x00000000c0000000,0x00000000c0e684b0,0x00000000c4300000)
 Metaspace       used 34862K, capacity 37182K, committed 37376K, reserved 1083392K
  class space    used 3456K, capacity 4275K, committed 4352K, reserved 1048576K
}
Event: 2.657 GC heap after
{Heap after GC invocations=10 (full 2):
 PSYoungGen      total 28672K, used 4595K [0x00000000eab00000, 0x00000000ece80000, 0x0000000100000000)
  eden space 24064K, 0% used [0x00000000eab00000,0x00000000eab00000,0x00000000ec280000)
  from space 4608K, 99% used [0x00000000ec880000,0x00000000eccfcea8,0x00000000ecd00000)
  to   space 6144K, 0% used [0x00000000ec280000,0x00000000ec280000,0x00000000ec880000)
 ParOldGen       total 68608K, used 15745K [0x00000000c0000000, 0x00000000c4300000, 0x00000000eab00000)
  object space 68608K, 22% used [0x00000000c0000000,0x00000000c0f604d0,0x00000000c4300000)
 Metaspace       used 34862K, capacity 37182K, committed 37376K, reserved 1083392K
  class space    used 3456K, capacity 4275K, committed 4352K, reserved 1048576K
}
Event: 2.689 GC heap before
{Heap before GC invocations=11 (full 2):
 PSYoungGen      total 28672K, used 28659K [0x00000000eab00000, 0x00000000ece80000, 0x0000000100000000)
  eden space 24064K, 100% used [0x00000000eab00000,0x00000000ec280000,0x00000000ec280000)
  from space 4608K, 99% used [0x00000000ec880000,0x00000000eccfcea8,0x00000000ecd00000)
  to   space 6144K, 0% used [0x00000000ec280000,0x00000000ec280000,0x00000000ec880000)
 ParOldGen       total 68608K, used 15745K [0x00000000c0000000, 0x00000000c4300000, 0x00000000eab00000)
  object space 68608K, 22% used [0x00000000c0000000,0x00000000c0f604d0,0x00000000c4300000)
 Metaspace       used 34939K, capacity 37246K, committed 37376K, reserved 1083392K
  class space    used 3462K, capacity 4275K, committed 4352K, reserved 1048576K
}
Event: 2.693 GC heap after
{Heap after GC invocations=11 (full 2):
 PSYoungGen      total 29184K, used 5331K [0x00000000eab00000, 0x00000000ecd00000, 0x0000000100000000)
  eden space 23552K, 0% used [0x00000000eab00000,0x00000000eab00000,0x00000000ec200000)
  from space 5632K, 94% used [0x00000000ec280000,0x00000000ec7b4eb8,0x00000000ec800000)
  to   space 5120K, 0% used [0x00000000ec800000,0x00000000ec800000,0x00000000ecd00000)
 ParOldGen       total 68608K, used 17473K [0x00000000c0000000, 0x00000000c4300000, 0x00000000eab00000)
  object space 68608K, 25% used [0x00000000c0000000,0x00000000c11104d0,0x00000000c4300000)
 Metaspace       used 34939K, capacity 37246K, committed 37376K, reserved 1083392K
  class space    used 3462K, capacity 4275K, committed 4352K, reserved 1048576K
}
Event: 2.719 GC heap before
{Heap before GC invocations=12 (full 2):
 PSYoungGen      total 29184K, used 28883K [0x00000000eab00000, 0x00000000ecd00000, 0x0000000100000000)
  eden space 23552K, 100% used [0x00000000eab00000,0x00000000ec200000,0x00000000ec200000)
  from space 5632K, 94% used [0x00000000ec280000,0x00000000ec7b4eb8,0x00000000ec800000)
  to   space 5120K, 0% used [0x00000000ec800000,0x00000000ec800000,0x00000000ecd00000)
 ParOldGen       total 68608K, used 17473K [0x00000000c0000000, 0x00000000c4300000, 0x00000000eab00000)
  object space 68608K, 25% used [0x00000000c0000000,0x00000000c11104d0,0x00000000c4300000)
 Metaspace       used 34939K, capacity 37246K, committed 37376K, reserved 1083392K
  class space    used 3462K, capacity 4275K, committed 4352K, reserved 1048576K
}
Event: 2.723 GC heap after
{Heap after GC invocations=12 (full 2):
 PSYoungGen      total 28160K, used 4736K [0x00000000eab00000, 0x00000000ecd00000, 0x0000000100000000)
  eden space 23040K, 0% used [0x00000000eab00000,0x00000000eab00000,0x00000000ec180000)
  from space 5120K, 92% used [0x00000000ec800000,0x00000000ecca0020,0x00000000ecd00000)
  to   space 5120K, 0% used [0x00000000ec300000,0x00000000ec300000,0x00000000ec800000)
 ParOldGen       total 68608K, used 20296K [0x00000000c0000000, 0x00000000c4300000, 0x00000000eab00000)
  object space 68608K, 29% used [0x00000000c0000000,0x00000000c13d2388,0x00000000c4300000)
 Metaspace       used 34939K, capacity 37246K, committed 37376K, reserved 1083392K
  class space    used 3462K, capacity 4275K, committed 4352K, reserved 1048576K
}
Event: 2.748 GC heap before
{Heap before GC invocations=13 (full 2):
 PSYoungGen      total 28160K, used 27776K [0x00000000eab00000, 0x00000000ecd00000, 0x0000000100000000)
  eden space 23040K, 100% used [0x00000000eab00000,0x00000000ec180000,0x00000000ec180000)
  from space 5120K, 92% used [0x00000000ec800000,0x00000000ecca0020,0x00000000ecd00000)
  to   space 5120K, 0% used [0x00000000ec300000,0x00000000ec300000,0x00000000ec800000)
 ParOldGen       total 68608K, used 20296K [0x00000000c0000000, 0x00000000c4300000, 0x00000000eab00000)
  object space 68608K, 29% used [0x00000000c0000000,0x00000000c13d2388,0x00000000c4300000)
 Metaspace       used 34939K, capacity 37246K, committed 37376K, reserved 1083392K
  class space    used 3462K, capacity 4275K, committed 4352K, reserved 1048576K
}
Event: 2.752 GC heap after
{Heap after GC invocations=13 (full 2):
 PSYoungGen      total 25088K, used 2112K [0x00000000eab00000, 0x00000000ec880000, 0x0000000100000000)
  eden space 22528K, 0% used [0x00000000eab00000,0x00000000eab00000,0x00000000ec100000)
  from space 2560K, 82% used [0x00000000ec300000,0x00000000ec510000,0x00000000ec580000)
  to   space 3072K, 0% used [0x00000000ec580000,0x00000000ec580000,0x00000000ec880000)
 ParOldGen       total 68608K, used 24927K [0x00000000c0000000, 0x00000000c4300000, 0x00000000eab00000)
  object space 68608K, 36% used [0x00000000c0000000,0x00000000c1857e48,0x00000000c4300000)
 Metaspace       used 34939K, capacity 37246K, committed 37376K, reserved 1083392K
  class space    used 3462K, capacity 4275K, committed 4352K, reserved 1048576K
}
Event: 2.891 GC heap before
{Heap before GC invocations=14 (full 2):
 PSYoungGen      total 25088K, used 24640K [0x00000000eab00000, 0x00000000ec880000, 0x0000000100000000)
  eden space 22528K, 100% used [0x00000000eab00000,0x00000000ec100000,0x00000000ec100000)
  from space 2560K, 82% used [0x00000000ec300000,0x00000000ec510000,0x00000000ec580000)
  to   space 3072K, 0% used [0x00000000ec580000,0x00000000ec580000,0x00000000ec880000)
 ParOldGen       total 68608K, used 24927K [0x00000000c0000000, 0x00000000c4300000, 0x00000000eab00000)
  object space 68608K, 36% used [0x00000000c0000000,0x00000000c1857e48,0x00000000c4300000)
 Metaspace       used 36266K, capacity 38584K, committed 38784K, reserved 1083392K
  class space    used 3619K, capacity 4443K, committed 4480K, reserved 1048576K
}
Event: 2.894 GC heap after
{Heap after GC invocations=14 (full 2):
 PSYoungGen      total 24576K, used 2400K [0x00000000eab00000, 0x00000000ec800000, 0x0000000100000000)
  eden space 22016K, 0% used [0x00000000eab00000,0x00000000eab00000,0x00000000ec080000)
  from space 2560K, 93% used [0x00000000ec580000,0x00000000ec7d8000,0x00000000ec800000)
  to   space 2560K, 0% used [0x00000000ec300000,0x00000000ec300000,0x00000000ec580000)
 ParOldGen       total 68608K, used 26935K [0x00000000c0000000, 0x00000000c4300000, 0x00000000eab00000)
  object space 68608K, 39% used [0x00000000c0000000,0x00000000c1a4de48,0x00000000c4300000)
 Metaspace       used 36266K, capacity 38584K, committed 38784K, reserved 1083392K
  class space    used 3619K, capacity 4443K, committed 4480K, reserved 1048576K
}

