# JRE version: Java(TM) SE Runtime Environment 18.9 (11.0.12+8) (build 11.0.12+8-LTS-237)
# Java VM: Java HotSpot(TM) 64-Bit Server VM 18.9 (11.0.12+8-LTS-237, mixed mode, tiered, compressed oops, parallel gc, windows-amd64)
Heap:
 PSYoungGen      total 13824K, used 7028K [0x00000000eab00000, 0x00000000ebc80000, 0x0000000100000000)
  eden space 13312K, 51% used [0x00000000eab00000,0x00000000eb1bd050,0x00000000eb800000)
  from space 512K, 25% used [0x00000000ebc00000,0x00000000ebc20000,0x00000000ebc80000)
  to   space 1536K, 0% used [0x00000000eb980000,0x00000000eb980000,0x00000000ebb00000)
 ParOldGen       total 260608K, used 176394K [0x00000000c0000000, 0x00000000cfe80000, 0x00000000eab00000)
  object space 260608K, 67% used [0x00000000c0000000,0x00000000cac42bd0,0x00000000cfe80000)
 Metaspace       used 73333K, capacity 76664K, committed 77232K, reserved 1118208K
  class space    used 6914K, capacity 8163K, committed 8368K, reserved 1048576K
GC Heap History (10 events):
Event: 2280.414 GC heap before
{Heap before GC invocations=299 (full 9):
 PSYoungGen      total 9728K, used 9705K [0x00000000eab00000, 0x00000000ebd00000, 0x0000000100000000)
  eden space 7680K, 100% used [0x00000000eab00000,0x00000000eb280000,0x00000000eb280000)
  from space 2048K, 98% used [0x00000000eb280000,0x00000000eb47a410,0x00000000eb480000)
  to   space 4608K, 0% used [0x00000000eb880000,0x00000000eb880000,0x00000000ebd00000)
 ParOldGen       total 260608K, used 159932K [0x00000000c0000000, 0x00000000cfe80000, 0x00000000eab00000)
  object space 260608K, 61% used [0x00000000c0000000,0x00000000c9c2f190,0x00000000cfe80000)
 Metaspace       used 73329K, capacity 76664K, committed 77232K, reserved 1118208K
  class space    used 6914K, capacity 8163K, committed 8368K, reserved 1048576K
}
Event: 2280.418 GC heap after
{Heap after GC invocations=299 (full 9):
 PSYoungGen      total 11264K, used 1944K [0x00000000eab00000, 0x00000000eba80000, 0x0000000100000000)
  eden space 9216K, 0% used [0x00000000eab00000,0x00000000eab00000,0x00000000eb400000)
  from space 2048K, 94% used [0x00000000eb880000,0x00000000eba66320,0x00000000eba80000)
  to   space 3072K, 0% used [0x00000000eb480000,0x00000000eb480000,0x00000000eb780000)
 ParOldGen       total 260608K, used 161937K [0x00000000c0000000, 0x00000000cfe80000, 0x00000000eab00000)
  object space 260608K, 62% used [0x00000000c0000000,0x00000000c9e24508,0x00000000cfe80000)
 Metaspace       used 73329K, capacity 76664K, committed 77232K, reserved 1118208K
  class space    used 6914K, capacity 8163K, committed 8368K, reserved 1048576K
}
Event: 2280.439 GC heap before
{Heap before GC invocations=300 (full 9):
 PSYoungGen      total 11264K, used 11160K [0x00000000eab00000, 0x00000000eba80000, 0x0000000100000000)
  eden space 9216K, 100% used [0x00000000eab00000,0x00000000eb400000,0x00000000eb400000)
  from space 2048K, 94% used [0x00000000eb880000,0x00000000eba66320,0x00000000eba80000)
  to   space 3072K, 0% used [0x00000000eb480000,0x00000000eb480000,0x00000000eb780000)
 ParOldGen       total 260608K, used 161937K [0x00000000c0000000, 0x00000000cfe80000, 0x00000000eab00000)
  object space 260608K, 62% used [0x00000000c0000000,0x00000000c9e24508,0x00000000cfe80000)
 Metaspace       used 73329K, capacity 76664K, committed 77232K, reserved 1118208K
  class space    used 6914K, capacity 8163K, committed 8368K, reserved 1048576K
}
Event: 2280.444 GC heap after
{Heap after GC invocations=300 (full 9):
 PSYoungGen      total 12800K, used 1120K [0x00000000eab00000, 0x00000000eb900000, 0x0000000100000000)
  eden space 9728K, 0% used [0x00000000eab00000,0x00000000eab00000,0x00000000eb480000)
  from space 3072K, 36% used [0x00000000eb480000,0x00000000eb598000,0x00000000eb780000)
  to   space 1536K, 0% used [0x00000000eb780000,0x00000000eb780000,0x00000000eb900000)
 ParOldGen       total 260608K, used 163868K [0x00000000c0000000, 0x00000000cfe80000, 0x00000000eab00000)
  object space 260608K, 62% used [0x00000000c0000000,0x00000000ca007368,0x00000000cfe80000)
 Metaspace       used 73329K, capacity 76664K, committed 77232K, reserved 1118208K
  class space    used 6914K, capacity 8163K, committed 8368K, reserved 1048576K
}
Event: 2280.473 GC heap before
{Heap before GC invocations=301 (full 9):
 PSYoungGen      total 12800K, used 10848K [0x00000000eab00000, 0x00000000eb900000, 0x0000000100000000)
  eden space 9728K, 100% used [0x00000000eab00000,0x00000000eb480000,0x00000000eb480000)
  from space 3072K, 36% used [0x00000000eb480000,0x00000000eb598000,0x00000000eb780000)
  to   space 1536K, 0% used [0x00000000eb780000,0x00000000eb780000,0x00000000eb900000)
 ParOldGen       total 260608K, used 163868K [0x00000000c0000000, 0x00000000cfe80000, 0x00000000eab00000)
  object space 260608K, 62% used [0x00000000c0000000,0x00000000ca007368,0x00000000cfe80000)
 Metaspace       used 73329K, capacity 76664K, committed 77232K, reserved 1118208K
  class space    used 6914K, capacity 8163K, committed 8368K, reserved 1048576K
}
Event: 2280.477 GC heap after
{Heap after GC invocations=301 (full 9):
 PSYoungGen      total 12800K, used 1184K [0x00000000eab00000, 0x00000000eb900000, 0x0000000100000000)
  eden space 11264K, 0% used [0x00000000eab00000,0x00000000eab00000,0x00000000eb600000)
  from space 1536K, 77% used [0x00000000eb780000,0x00000000eb8a8000,0x00000000eb900000)
  to   space 1536K, 0% used [0x00000000eb600000,0x00000000eb600000,0x00000000eb780000)
 ParOldGen       total 260608K, used 164956K [0x00000000c0000000, 0x00000000cfe80000, 0x00000000eab00000)
  object space 260608K, 63% used [0x00000000c0000000,0x00000000ca117368,0x00000000cfe80000)
 Metaspace       used 73329K, capacity 76664K, committed 77232K, reserved 1118208K
  class space    used 6914K, capacity 8163K, committed 8368K, reserved 1048576K
}
Event: 2280.516 GC heap before
{Heap before GC invocations=302 (full 9):
 PSYoungGen      total 12800K, used 12448K [0x00000000eab00000, 0x00000000eb900000, 0x0000000100000000)
  eden space 11264K, 100% used [0x00000000eab00000,0x00000000eb600000,0x00000000eb600000)
  from space 1536K, 77% used [0x00000000eb780000,0x00000000eb8a8000,0x00000000eb900000)
  to   space 1536K, 0% used [0x00000000eb600000,0x00000000eb600000,0x00000000eb780000)
 ParOldGen       total 260608K, used 164956K [0x00000000c0000000, 0x00000000cfe80000, 0x00000000eab00000)
  object space 260608K, 63% used [0x00000000c0000000,0x00000000ca117368,0x00000000cfe80000)
 Metaspace       used 73329K, capacity 76664K, committed 77232K, reserved 1118208K
  class space    used 6914K, capacity 8163K, committed 8368K, reserved 1048576K
}
Event: 2280.519 GC heap after
{Heap after GC invocations=302 (full 9):
 PSYoungGen      total 12800K, used 1504K [0x00000000eab00000, 0x00000000ec000000, 0x0000000100000000)
  eden space 11264K, 0% used [0x00000000eab00000,0x00000000eab00000,0x00000000eb600000)
  from space 1536K, 97% used [0x00000000eb600000,0x00000000eb778010,0x00000000eb780000)
  to   space 4096K, 0% used [0x00000000ebc00000,0x00000000ebc00000,0x00000000ec000000)
 ParOldGen       total 260608K, used 166812K [0x00000000c0000000, 0x00000000cfe80000, 0x00000000eab00000)
  object space 260608K, 64% used [0x00000000c0000000,0x00000000ca2e7368,0x00000000cfe80000)
 Metaspace       used 73329K, capacity 76664K, committed 77232K, reserved 1118208K
  class space    used 6914K, capacity 8163K, committed 8368K, reserved 1048576K
}
Event: 2280.578 GC heap before
{Heap before GC invocations=303 (full 9):
 PSYoungGen      total 12800K, used 11770K [0x00000000eab00000, 0x00000000ec000000, 0x0000000100000000)
  eden space 11264K, 91% used [0x00000000eab00000,0x00000000eb5068e8,0x00000000eb600000)
  from space 1536K, 97% used [0x00000000eb600000,0x00000000eb778010,0x00000000eb780000)
  to   space 4096K, 0% used [0x00000000ebc00000,0x00000000ebc00000,0x00000000ec000000)
 ParOldGen       total 260608K, used 166812K [0x00000000c0000000, 0x00000000cfe80000, 0x00000000eab00000)
  object space 260608K, 64% used [0x00000000c0000000,0x00000000ca2e7368,0x00000000cfe80000)
 Metaspace       used 73329K, capacity 76664K, committed 77232K, reserved 1118208K
  class space    used 6914K, capacity 8163K, committed 8368K, reserved 1048576K
}
Event: 2280.582 GC heap after
{Heap after GC invocations=303 (full 9):
 PSYoungGen      total 13824K, used 128K [0x00000000eab00000, 0x00000000ebc80000, 0x0000000100000000)
  eden space 13312K, 0% used [0x00000000eab00000,0x00000000eab00000,0x00000000eb800000)
  from space 512K, 25% used [0x00000000ebc00000,0x00000000ebc20000,0x00000000ebc80000)
  to   space 1536K, 0% used [0x00000000eb980000,0x00000000eb980000,0x00000000ebb00000)
 ParOldGen       total 260608K, used 176394K [0x00000000c0000000, 0x00000000cfe80000, 0x00000000eab00000)
  object space 260608K, 67% used [0x00000000c0000000,0x00000000cac42bd0,0x00000000cfe80000)
 Metaspace       used 73329K, capacity 76664K, committed 77232K, reserved 1118208K
  class space    used 6914K, capacity 8163K, committed 8368K, reserved 1048576K
}

