# JRE version: Java(TM) SE Runtime Environment 18.9 (11.0.12+8) (build 11.0.12+8-LTS-237)
# Java VM: Java HotSpot(TM) 64-Bit Server VM 18.9 (11.0.12+8-LTS-237, mixed mode, tiered, compressed oops, parallel gc, windows-amd64)
Heap:
 PSYoungGen      total 24064K, used 7743K [0x00000000eab00000, 0x00000000ec680000, 0x0000000100000000)
  eden space 22016K, 27% used [0x00000000eab00000,0x00000000eb0dfe48,0x00000000ec080000)
  from space 2048K, 84% used [0x00000000ec400000,0x00000000ec5b0000,0x00000000ec600000)
  to   space 512K, 0% used [0x00000000ec600000,0x00000000ec600000,0x00000000ec680000)
 ParOldGen       total 68608K, used 28488K [0x00000000c0000000, 0x00000000c4300000, 0x00000000eab00000)
  object space 68608K, 41% used [0x00000000c0000000,0x00000000c1bd2260,0x00000000c4300000)
 Metaspace       used 40969K, capacity 43353K, committed 43520K, reserved 1087488K
  class space    used 4204K, capacity 5046K, committed 5120K, reserved 1048576K
GC Heap History (10 events):
Event: 3.461 GC heap before
{Heap before GC invocations=11 (full 2):
 PSYoungGen      total 29696K, used 29688K [0x00000000eab00000, 0x00000000ece80000, 0x0000000100000000)
  eden space 24064K, 100% used [0x00000000eab00000,0x00000000ec280000,0x00000000ec280000)
  from space 5632K, 99% used [0x00000000ec880000,0x00000000ecdfe140,0x00000000ece00000)
  to   space 6144K, 0% used [0x00000000ec280000,0x00000000ec280000,0x00000000ec880000)
 ParOldGen       total 68608K, used 14983K [0x00000000c0000000, 0x00000000c4300000, 0x00000000eab00000)
  object space 68608K, 21% used [0x00000000c0000000,0x00000000c0ea1c60,0x00000000c4300000)
 Metaspace       used 35197K, capacity 37483K, committed 37632K, reserved 1083392K
  class space    used 3479K, capacity 4311K, committed 4352K, reserved 1048576K
}
Event: 3.470 GC heap after
{Heap after GC invocations=11 (full 2):
 PSYoungGen      total 29696K, used 6067K [0x00000000eab00000, 0x00000000ecf00000, 0x0000000100000000)
  eden space 23552K, 0% used [0x00000000eab00000,0x00000000eab00000,0x00000000ec200000)
  from space 6144K, 98% used [0x00000000ec280000,0x00000000ec86ceb8,0x00000000ec880000)
  to   space 6656K, 0% used [0x00000000ec880000,0x00000000ec880000,0x00000000ecf00000)
 ParOldGen       total 68608K, used 16961K [0x00000000c0000000, 0x00000000c4300000, 0x00000000eab00000)
  object space 68608K, 24% used [0x00000000c0000000,0x00000000c10905b8,0x00000000c4300000)
 Metaspace       used 35197K, capacity 37483K, committed 37632K, reserved 1083392K
  class space    used 3479K, capacity 4311K, committed 4352K, reserved 1048576K
}
Event: 3.522 GC heap before
{Heap before GC invocations=12 (full 2):
 PSYoungGen      total 29696K, used 29619K [0x00000000eab00000, 0x00000000ecf00000, 0x0000000100000000)
  eden space 23552K, 100% used [0x00000000eab00000,0x00000000ec200000,0x00000000ec200000)
  from space 6144K, 98% used [0x00000000ec280000,0x00000000ec86ceb8,0x00000000ec880000)
  to   space 6656K, 0% used [0x00000000ec880000,0x00000000ec880000,0x00000000ecf00000)
 ParOldGen       total 68608K, used 16961K [0x00000000c0000000, 0x00000000c4300000, 0x00000000eab00000)
  object space 68608K, 24% used [0x00000000c0000000,0x00000000c10905b8,0x00000000c4300000)
 Metaspace       used 35427K, capacity 37713K, committed 37888K, reserved 1083392K
  class space    used 3511K, capacity 4345K, committed 4352K, reserved 1048576K
}
Event: 3.530 GC heap after
{Heap after GC invocations=12 (full 2):
 PSYoungGen      total 28160K, used 4672K [0x00000000eab00000, 0x00000000ecd80000, 0x0000000100000000)
  eden space 23040K, 0% used [0x00000000eab00000,0x00000000eab00000,0x00000000ec180000)
  from space 5120K, 91% used [0x00000000ec880000,0x00000000ecd10020,0x00000000ecd80000)
  to   space 5632K, 0% used [0x00000000ec280000,0x00000000ec280000,0x00000000ec800000)
 ParOldGen       total 68608K, used 20465K [0x00000000c0000000, 0x00000000c4300000, 0x00000000eab00000)
  object space 68608K, 29% used [0x00000000c0000000,0x00000000c13fc470,0x00000000c4300000)
 Metaspace       used 35427K, capacity 37713K, committed 37888K, reserved 1083392K
  class space    used 3511K, capacity 4345K, committed 4352K, reserved 1048576K
}
Event: 3.569 GC heap before
{Heap before GC invocations=13 (full 2):
 PSYoungGen      total 28160K, used 27712K [0x00000000eab00000, 0x00000000ecd80000, 0x0000000100000000)
  eden space 23040K, 100% used [0x00000000eab00000,0x00000000ec180000,0x00000000ec180000)
  from space 5120K, 91% used [0x00000000ec880000,0x00000000ecd10020,0x00000000ecd80000)
  to   space 5632K, 0% used [0x00000000ec280000,0x00000000ec280000,0x00000000ec800000)
 ParOldGen       total 68608K, used 20465K [0x00000000c0000000, 0x00000000c4300000, 0x00000000eab00000)
  object space 68608K, 29% used [0x00000000c0000000,0x00000000c13fc470,0x00000000c4300000)
 Metaspace       used 36013K, capacity 38289K, committed 38528K, reserved 1083392K
  class space    used 3580K, capacity 4409K, committed 4480K, reserved 1048576K
}
Event: 3.575 GC heap after
{Heap after GC invocations=13 (full 2):
 PSYoungGen      total 24576K, used 1920K [0x00000000eab00000, 0x00000000ec900000, 0x0000000100000000)
  eden space 22528K, 0% used [0x00000000eab00000,0x00000000eab00000,0x00000000ec100000)
  from space 2048K, 93% used [0x00000000ec280000,0x00000000ec460000,0x00000000ec480000)
  to   space 3072K, 0% used [0x00000000ec600000,0x00000000ec600000,0x00000000ec900000)
 ParOldGen       total 68608K, used 25026K [0x00000000c0000000, 0x00000000c4300000, 0x00000000eab00000)
  object space 68608K, 36% used [0x00000000c0000000,0x00000000c18709e0,0x00000000c4300000)
 Metaspace       used 36013K, capacity 38289K, committed 38528K, reserved 1083392K
  class space    used 3580K, capacity 4409K, committed 4480K, reserved 1048576K
}
Event: 3.617 GC heap before
{Heap before GC invocations=14 (full 2):
 PSYoungGen      total 24576K, used 24448K [0x00000000eab00000, 0x00000000ec900000, 0x0000000100000000)
  eden space 22528K, 100% used [0x00000000eab00000,0x00000000ec100000,0x00000000ec100000)
  from space 2048K, 93% used [0x00000000ec280000,0x00000000ec460000,0x00000000ec480000)
  to   space 3072K, 0% used [0x00000000ec600000,0x00000000ec600000,0x00000000ec900000)
 ParOldGen       total 68608K, used 25026K [0x00000000c0000000, 0x00000000c4300000, 0x00000000eab00000)
  object space 68608K, 36% used [0x00000000c0000000,0x00000000c18709e0,0x00000000c4300000)
 Metaspace       used 36646K, capacity 38906K, committed 39168K, reserved 1083392K
  class space    used 3664K, capacity 4508K, committed 4608K, reserved 1048576K
}
Event: 3.622 GC heap after
{Heap after GC invocations=14 (full 2):
 PSYoungGen      total 24064K, used 1664K [0x00000000eab00000, 0x00000000ec800000, 0x0000000100000000)
  eden space 22016K, 0% used [0x00000000eab00000,0x00000000eab00000,0x00000000ec080000)
  from space 2048K, 81% used [0x00000000ec600000,0x00000000ec7a0000,0x00000000ec800000)
  to   space 2048K, 0% used [0x00000000ec400000,0x00000000ec400000,0x00000000ec600000)
 ParOldGen       total 68608K, used 26864K [0x00000000c0000000, 0x00000000c4300000, 0x00000000eab00000)
  object space 68608K, 39% used [0x00000000c0000000,0x00000000c1a3c260,0x00000000c4300000)
 Metaspace       used 36646K, capacity 38906K, committed 39168K, reserved 1083392K
  class space    used 3664K, capacity 4508K, committed 4608K, reserved 1048576K
}
Event: 3.893 GC heap before
{Heap before GC invocations=15 (full 2):
 PSYoungGen      total 24064K, used 23680K [0x00000000eab00000, 0x00000000ec800000, 0x0000000100000000)
  eden space 22016K, 100% used [0x00000000eab00000,0x00000000ec080000,0x00000000ec080000)
  from space 2048K, 81% used [0x00000000ec600000,0x00000000ec7a0000,0x00000000ec800000)
  to   space 2048K, 0% used [0x00000000ec400000,0x00000000ec400000,0x00000000ec600000)
 ParOldGen       total 68608K, used 26864K [0x00000000c0000000, 0x00000000c4300000, 0x00000000eab00000)
  object space 68608K, 39% used [0x00000000c0000000,0x00000000c1a3c260,0x00000000c4300000)
 Metaspace       used 39432K, capacity 41779K, committed 41984K, reserved 1087488K
  class space    used 4016K, capacity 4843K, committed 4864K, reserved 1048576K
}
Event: 3.898 GC heap after
{Heap after GC invocations=15 (full 2):
 PSYoungGen      total 24064K, used 1728K [0x00000000eab00000, 0x00000000ec680000, 0x0000000100000000)
  eden space 22016K, 0% used [0x00000000eab00000,0x00000000eab00000,0x00000000ec080000)
  from space 2048K, 84% used [0x00000000ec400000,0x00000000ec5b0000,0x00000000ec600000)
  to   space 512K, 0% used [0x00000000ec600000,0x00000000ec600000,0x00000000ec680000)
 ParOldGen       total 68608K, used 28488K [0x00000000c0000000, 0x00000000c4300000, 0x00000000eab00000)
  object space 68608K, 41% used [0x00000000c0000000,0x00000000c1bd2260,0x00000000c4300000)
 Metaspace       used 39432K, capacity 41779K, committed 41984K, reserved 1087488K
  class space    used 4016K, capacity 4843K, committed 4864K, reserved 1048576K
}

