# JRE version: Java(TM) SE Runtime Environment 18.9 (11.0.12+8) (build 11.0.12+8-LTS-237)
# Java VM: Java HotSpot(TM) 64-Bit Server VM 18.9 (11.0.12+8-LTS-237, mixed mode, tiered, compressed oops, parallel gc, windows-amd64)
Heap:
 PSYoungGen      total 10240K, used 7840K [0x00000000eab00000, 0x00000000eb900000, 0x0000000100000000)
  eden space 6656K, 64% used [0x00000000eab00000,0x00000000eaf2e880,0x00000000eb180000)
  from space 3584K, 99% used [0x00000000eb580000,0x00000000eb8f9888,0x00000000eb900000)
  to   space 3072K, 0% used [0x00000000eb180000,0x00000000eb180000,0x00000000eb480000)
 ParOldGen       total 125440K, used 90105K [0x00000000c0000000, 0x00000000c7a80000, 0x00000000eab00000)
  object space 125440K, 71% used [0x00000000c0000000,0x00000000c57fe6a8,0x00000000c7a80000)
 Metaspace       used 54330K, capacity 57254K, committed 57344K, reserved 1103872K
  class space    used 5467K, capacity 6578K, committed 6656K, reserved 1048576K
GC Heap History (10 events):
Event: 9.346 GC heap after
{Heap after GC invocations=45 (full 4):
 PSYoungGen      total 9216K, used 1861K [0x00000000eab00000, 0x00000000eb600000, 0x0000000100000000)
  eden space 7168K, 0% used [0x00000000eab00000,0x00000000eab00000,0x00000000eb200000)
  from space 2048K, 90% used [0x00000000eb280000,0x00000000eb4515f0,0x00000000eb480000)
  to   space 1536K, 0% used [0x00000000eb480000,0x00000000eb480000,0x00000000eb600000)
 ParOldGen       total 125440K, used 88653K [0x00000000c0000000, 0x00000000c7a80000, 0x00000000eab00000)
  object space 125440K, 70% used [0x00000000c0000000,0x00000000c56934a8,0x00000000c7a80000)
 Metaspace       used 51265K, capacity 54006K, committed 54144K, reserved 1097728K
  class space    used 5199K, capacity 6264K, committed 6272K, reserved 1048576K
}
Event: 9.372 GC heap before
{Heap before GC invocations=46 (full 4):
 PSYoungGen      total 9216K, used 9029K [0x00000000eab00000, 0x00000000eb600000, 0x0000000100000000)
  eden space 7168K, 100% used [0x00000000eab00000,0x00000000eb200000,0x00000000eb200000)
  from space 2048K, 90% used [0x00000000eb280000,0x00000000eb4515f0,0x00000000eb480000)
  to   space 1536K, 0% used [0x00000000eb480000,0x00000000eb480000,0x00000000eb600000)
 ParOldGen       total 125440K, used 88653K [0x00000000c0000000, 0x00000000c7a80000, 0x00000000eab00000)
  object space 125440K, 70% used [0x00000000c0000000,0x00000000c56934a8,0x00000000c7a80000)
 Metaspace       used 51268K, capacity 54006K, committed 54144K, reserved 1097728K
  class space    used 5199K, capacity 6264K, committed 6272K, reserved 1048576K
}
Event: 9.374 GC heap after
{Heap after GC invocations=46 (full 4):
 PSYoungGen      total 8192K, used 1535K [0x00000000eab00000, 0x00000000eb880000, 0x0000000100000000)
  eden space 6656K, 0% used [0x00000000eab00000,0x00000000eab00000,0x00000000eb180000)
  from space 1536K, 99% used [0x00000000eb480000,0x00000000eb5ffdb0,0x00000000eb600000)
  to   space 3072K, 0% used [0x00000000eb180000,0x00000000eb180000,0x00000000eb480000)
 ParOldGen       total 125440K, used 89613K [0x00000000c0000000, 0x00000000c7a80000, 0x00000000eab00000)
  object space 125440K, 71% used [0x00000000c0000000,0x00000000c57834a8,0x00000000c7a80000)
 Metaspace       used 51268K, capacity 54006K, committed 54144K, reserved 1097728K
  class space    used 5199K, capacity 6264K, committed 6272K, reserved 1048576K
}
Event: 9.408 GC heap before
{Heap before GC invocations=47 (full 4):
 PSYoungGen      total 8192K, used 8191K [0x00000000eab00000, 0x00000000eb880000, 0x0000000100000000)
  eden space 6656K, 100% used [0x00000000eab00000,0x00000000eb180000,0x00000000eb180000)
  from space 1536K, 99% used [0x00000000eb480000,0x00000000eb5ffdb0,0x00000000eb600000)
  to   space 3072K, 0% used [0x00000000eb180000,0x00000000eb180000,0x00000000eb480000)
 ParOldGen       total 125440K, used 89613K [0x00000000c0000000, 0x00000000c7a80000, 0x00000000eab00000)
  object space 125440K, 71% used [0x00000000c0000000,0x00000000c57834a8,0x00000000c7a80000)
 Metaspace       used 51274K, capacity 54006K, committed 54144K, reserved 1097728K
  class space    used 5199K, capacity 6264K, committed 6272K, reserved 1048576K
}
Event: 9.410 GC heap after
{Heap after GC invocations=47 (full 4):
 PSYoungGen      total 9728K, used 1888K [0x00000000eab00000, 0x00000000eb700000, 0x0000000100000000)
  eden space 6656K, 0% used [0x00000000eab00000,0x00000000eab00000,0x00000000eb180000)
  from space 3072K, 61% used [0x00000000eb180000,0x00000000eb358010,0x00000000eb480000)
  to   space 2560K, 0% used [0x00000000eb480000,0x00000000eb480000,0x00000000eb700000)
 ParOldGen       total 125440K, used 89825K [0x00000000c0000000, 0x00000000c7a80000, 0x00000000eab00000)
  object space 125440K, 71% used [0x00000000c0000000,0x00000000c57b86a8,0x00000000c7a80000)
 Metaspace       used 51274K, capacity 54006K, committed 54144K, reserved 1097728K
  class space    used 5199K, capacity 6264K, committed 6272K, reserved 1048576K
}
Event: 9.428 GC heap before
{Heap before GC invocations=48 (full 4):
 PSYoungGen      total 9728K, used 8544K [0x00000000eab00000, 0x00000000eb700000, 0x0000000100000000)
  eden space 6656K, 100% used [0x00000000eab00000,0x00000000eb180000,0x00000000eb180000)
  from space 3072K, 61% used [0x00000000eb180000,0x00000000eb358010,0x00000000eb480000)
  to   space 2560K, 0% used [0x00000000eb480000,0x00000000eb480000,0x00000000eb700000)
 ParOldGen       total 125440K, used 89825K [0x00000000c0000000, 0x00000000c7a80000, 0x00000000eab00000)
  object space 125440K, 71% used [0x00000000c0000000,0x00000000c57b86a8,0x00000000c7a80000)
 Metaspace       used 51274K, capacity 54006K, committed 54144K, reserved 1097728K
  class space    used 5199K, capacity 6264K, committed 6272K, reserved 1048576K
}
Event: 9.429 GC heap after
{Heap after GC invocations=48 (full 4):
 PSYoungGen      total 9216K, used 2539K [0x00000000eab00000, 0x00000000eb800000, 0x0000000100000000)
  eden space 6656K, 0% used [0x00000000eab00000,0x00000000eab00000,0x00000000eb180000)
  from space 2560K, 99% used [0x00000000eb480000,0x00000000eb6faeb0,0x00000000eb700000)
  to   space 3072K, 0% used [0x00000000eb180000,0x00000000eb180000,0x00000000eb480000)
 ParOldGen       total 125440K, used 89825K [0x00000000c0000000, 0x00000000c7a80000, 0x00000000eab00000)
  object space 125440K, 71% used [0x00000000c0000000,0x00000000c57b86a8,0x00000000c7a80000)
 Metaspace       used 51274K, capacity 54006K, committed 54144K, reserved 1097728K
  class space    used 5199K, capacity 6264K, committed 6272K, reserved 1048576K
}
Event: 9.472 GC heap before
{Heap before GC invocations=49 (full 4):
 PSYoungGen      total 9216K, used 9195K [0x00000000eab00000, 0x00000000eb800000, 0x0000000100000000)
  eden space 6656K, 100% used [0x00000000eab00000,0x00000000eb180000,0x00000000eb180000)
  from space 2560K, 99% used [0x00000000eb480000,0x00000000eb6faeb0,0x00000000eb700000)
  to   space 3072K, 0% used [0x00000000eb180000,0x00000000eb180000,0x00000000eb480000)
 ParOldGen       total 125440K, used 89825K [0x00000000c0000000, 0x00000000c7a80000, 0x00000000eab00000)
  object space 125440K, 71% used [0x00000000c0000000,0x00000000c57b86a8,0x00000000c7a80000)
 Metaspace       used 51362K, capacity 54137K, committed 54144K, reserved 1097728K
  class space    used 5203K, capacity 6265K, committed 6272K, reserved 1048576K
}
Event: 9.475 GC heap after
{Heap after GC invocations=49 (full 4):
 PSYoungGen      total 9728K, used 3040K [0x00000000eab00000, 0x00000000eb900000, 0x0000000100000000)
  eden space 6656K, 0% used [0x00000000eab00000,0x00000000eab00000,0x00000000eb180000)
  from space 3072K, 98% used [0x00000000eb180000,0x00000000eb478010,0x00000000eb480000)
  to   space 3584K, 0% used [0x00000000eb580000,0x00000000eb580000,0x00000000eb900000)
 ParOldGen       total 125440K, used 89865K [0x00000000c0000000, 0x00000000c7a80000, 0x00000000eab00000)
  object space 125440K, 71% used [0x00000000c0000000,0x00000000c57c26a8,0x00000000c7a80000)
 Metaspace       used 51362K, capacity 54137K, committed 54144K, reserved 1097728K
  class space    used 5203K, capacity 6265K, committed 6272K, reserved 1048576K
}
Event: 9.596 GC heap before
{Heap before GC invocations=50 (full 4):
 PSYoungGen      total 9728K, used 9695K [0x00000000eab00000, 0x00000000eb900000, 0x0000000100000000)
  eden space 6656K, 99% used [0x00000000eab00000,0x00000000eb17ffe8,0x00000000eb180000)
  from space 3072K, 98% used [0x00000000eb180000,0x00000000eb478010,0x00000000eb480000)
  to   space 3584K, 0% used [0x00000000eb580000,0x00000000eb580000,0x00000000eb900000)
 ParOldGen       total 125440K, used 89865K [0x00000000c0000000, 0x00000000c7a80000, 0x00000000eab00000)
  object space 125440K, 71% used [0x00000000c0000000,0x00000000c57c26a8,0x00000000c7a80000)
 Metaspace       used 53887K, capacity 56667K, committed 56832K, reserved 1099776K
  class space    used 5438K, capacity 6532K, committed 6656K, reserved 1048576K
}

